<?xml version="1.0" encoding="UTF-8"?>
<!-- Generated by org.testng.reporters.JUnitReportReporter -->
<testsuite hostname="Lenovo" failures="0" tests="1" name="TestRunner.TestRunner" time="23.032" errors="0" timestamp="2021-08-01T10:13:18 IST" skipped="0">
  <testcase classname="TestRunner.TestRunner" name="feature" time="23.032"/>
  <system-out/>
</testsuite> <!-- TestRunner.TestRunner -->
