<?xml version="1.0" encoding="UTF-8"?>
<!-- Generated by org.testng.reporters.JUnitReportReporter -->
<testsuite hostname="Lenovo" failures="0" tests="30" name="TestRunner.TestRunner" time="765.697" errors="0" timestamp="2021-08-01T15:43:23 IST" skipped="0">
  <testcase classname="TestRunner.TestRunner" name="feature" time="15.520"/>
  <system-out/>
  <testcase classname="TestRunner.TestRunner" name="feature" time="29.390"/>
  <system-out/>
  <testcase classname="TestRunner.TestRunner" name="feature" time="40.679"/>
  <system-out/>
  <testcase classname="TestRunner.TestRunner" name="feature" time="19.044"/>
  <system-out/>
  <testcase classname="TestRunner.TestRunner" name="feature" time="16.106"/>
  <system-out/>
  <testcase classname="TestRunner.TestRunner" name="feature" time="15.215"/>
  <system-out/>
  <testcase classname="TestRunner.TestRunner" name="feature" time="29.532"/>
  <system-out/>
  <testcase classname="TestRunner.TestRunner" name="feature" time="28.256"/>
  <system-out/>
  <testcase classname="TestRunner.TestRunner" name="feature" time="28.604"/>
  <system-out/>
  <testcase classname="TestRunner.TestRunner" name="feature" time="28.014"/>
  <system-out/>
  <testcase classname="TestRunner.TestRunner" name="feature" time="30.908"/>
  <system-out/>
  <testcase classname="TestRunner.TestRunner" name="feature" time="15.738"/>
  <system-out/>
  <testcase classname="TestRunner.TestRunner" name="feature" time="24.231"/>
  <system-out/>
  <testcase classname="TestRunner.TestRunner" name="feature" time="30.184"/>
  <system-out/>
  <testcase classname="TestRunner.TestRunner" name="feature" time="23.500"/>
  <system-out/>
  <testcase classname="TestRunner.TestRunner" name="feature" time="26.018"/>
  <system-out/>
  <testcase classname="TestRunner.TestRunner" name="feature" time="29.082"/>
  <system-out/>
  <testcase classname="TestRunner.TestRunner" name="feature" time="23.640"/>
  <system-out/>
  <testcase classname="TestRunner.TestRunner" name="feature" time="29.487"/>
  <system-out/>
  <testcase classname="TestRunner.TestRunner" name="feature" time="25.893"/>
  <system-out/>
  <testcase classname="TestRunner.TestRunner" name="feature" time="26.123"/>
  <system-out/>
  <testcase classname="TestRunner.TestRunner" name="feature" time="16.155"/>
  <system-out/>
  <testcase classname="TestRunner.TestRunner" name="feature" time="20.610"/>
  <system-out/>
  <testcase classname="TestRunner.TestRunner" name="feature" time="23.665"/>
  <system-out/>
  <testcase classname="TestRunner.TestRunner" name="feature" time="15.177"/>
  <system-out/>
  <testcase classname="TestRunner.TestRunner" name="feature" time="40.385"/>
  <system-out/>
  <testcase classname="TestRunner.TestRunner" name="feature" time="63.545"/>
  <system-out/>
  <testcase classname="TestRunner.TestRunner" name="feature" time="20.449"/>
  <system-out/>
  <testcase classname="TestRunner.TestRunner" name="feature" time="15.334"/>
  <system-out/>
  <testcase classname="TestRunner.TestRunner" name="feature" time="15.213"/>
  <system-out/>
</testsuite> <!-- TestRunner.TestRunner -->
